TN:
SF:/home/rifat/Desktop/Auto Project/svcomp/Juliet_Test_Copy_1/CWE789-1/CWE789_Uncontrolled_Mem_Alloc---s01---CWE789_Uncontrolled_Mem_Alloc__malloc_char_connect_socket_01_bad.i
FN:916,CWE789_Uncontrolled_Mem_Alloc__malloc_char_connect_socket_01_bad
#FN:990
FN:1094,assume_abort_if_not
#FN:1096
FN:590,bad1
#FN:594
FN:597,bad2
#FN:601
FN:604,bad3
#FN:608
FN:611,bad4
#FN:615
FN:618,bad5
#FN:622
FN:625,bad6
#FN:629
FN:632,bad7
#FN:636
FN:639,bad8
#FN:643
FN:646,bad9
#FN:650
FN:385,decodeHexChars
#FN:433
FN:436,decodeHexWChars
#FN:479
FN:492,globalReturnsFalse
#FN:499
FN:482,globalReturnsTrue
#FN:489
FN:502,globalReturnsTrueOrFalse
#FN:512
FN:527,good1
#FN:531
FN:534,good2
#FN:538
FN:541,good3
#FN:545
FN:548,good4
#FN:552
FN:555,good5
#FN:559
FN:562,good6
#FN:566
FN:569,good7
#FN:573
FN:576,good8
#FN:580
FN:583,good9
#FN:587
FN:705,internal_start
#FN:718
FN:1061,ldv_asprintf
#FN:1090
FN:1310,ldv_calloc
#FN:1317
FN:1385,ldv_error
#FN:1391
FN:1099,ldv_exit
#FN:1105
FN:1030,ldv_exit_2
#FN:1036
FN:1330,ldv_free
#FN:1336
FN:1300,ldv_malloc
#FN:1307
FN:1367,ldv_realloc
#FN:1374
FN:1560,ldv_reference_calloc
#FN:1567
FN:1580,ldv_reference_free
#FN:1586
FN:1531,ldv_reference_malloc
#FN:1557
FN:1589,ldv_reference_realloc
#FN:1639
FN:1642,ldv_reference_xmalloc
#FN:1651
FN:1654,ldv_reference_xzalloc
#FN:1663
FN:1570,ldv_reference_zalloc
#FN:1577
FN:1231,ldv_strcpy
#FN:1244
FN:1039,ldv_strcpy_3
#FN:1046
FN:1120,ldv_strdup
#FN:1159
FN:1162,ldv_strlen
#FN:1186
FN:1020,ldv_strlen_1
#FN:1027
FN:1189,ldv_strncpy
#FN:1228
FN:1436,ldv_undef_int
#FN:1443
FN:1502,ldv_undef_int_negative
#FN:1510
FN:1513,ldv_undef_int_nonpositive
#FN:1521
FN:1491,ldv_undef_int_positive
#FN:1499
FN:1446,ldv_undef_long
#FN:1456
FN:1459,ldv_undef_uint
#FN:1466
FN:1471,ldv_undef_ulong
#FN:1478
FN:1481,ldv_undef_ulonglong
#FN:1488
FN:1339,ldv_xmalloc
#FN:1346
FN:1349,ldv_xzalloc
#FN:1356
FN:1320,ldv_zalloc
#FN:1327
FN:993,main
#FN:1017
FN:357,printBytesLine
#FN:382
FN:339,printDoubleLine
#FN:345
FN:269,printFloatLine
#FN:275
FN:298,printHexCharLine
#FN:304
FN:330,printHexUnsignedCharLine
#FN:336
FN:258,printIntLine
#FN:264
FN:238,printLine
#FN:245
FN:278,printLongLine
#FN:284
FN:289,printSizeTLine
#FN:295
FN:348,printStructLine
#FN:354
FN:321,printUnsignedLine
#FN:327
FN:248,printWLine
#FN:255
FN:307,printWcharLine
#FN:318
FN:1379,reach_error
#FN:1379
FN:721,stdThreadCreate
#FN:763
FN:788,stdThreadDestroy
#FN:797
FN:766,stdThreadJoin
#FN:785
FN:839,stdThreadLockAcquire
#FN:845
FN:800,stdThreadLockCreate
#FN:836
FN:857,stdThreadLockDestroy
#FN:865
FN:848,stdThreadLockRelease
#FN:854
FNDA:1,main
FNDA:1,printLine
FNDA:1,CWE789_Uncontrolled_Mem_Alloc__malloc_char_connect_socket_01_bad
FNDA:1,ldv_strlen_1
DA:986,0
DA:981,0
DA:1003,2
DA:1007,0
DA:241,1
DA:244,1
DA:242,1
DA:251,0
DA:254,0
DA:252,0
DA:261,0
DA:263,0
DA:272,0
DA:274,0
DA:281,0
DA:283,0
DA:292,0
DA:294,0
DA:301,0
DA:303,0
DA:309,0
DA:311,0
DA:313,0
DA:315,0
DA:317,0
DA:324,0
DA:326,0
DA:333,0
DA:335,0
DA:342,0
DA:344,0
DA:351,0
DA:353,0
DA:359,0
DA:361,0
DA:363,0
DA:364,0
DA:367,0
DA:369,0
DA:370,0
DA:373,0
DA:374,0
DA:375,0
DA:376,0
DA:379,0
DA:381,0
DA:388,0
DA:390,0
DA:391,0
DA:394,0
DA:396,0
DA:398,0
DA:400,0
DA:402,0
DA:405,0
DA:406,0
DA:428,0
DA:408,0
DA:412,0
DA:413,0
DA:425,0
DA:415,0
DA:419,0
DA:421,0
DA:422,0
DA:429,0
DA:432,0
DA:439,0
DA:441,0
DA:442,0
DA:445,0
DA:447,0
DA:449,0
DA:451,0
DA:453,0
DA:456,0
DA:457,0
DA:474,0
DA:459,0
DA:461,0
DA:462,0
DA:471,0
DA:464,0
DA:466,0
DA:467,0
DA:468,0
DA:475,0
DA:478,0
DA:484,0
DA:486,0
DA:488,0
DA:494,0
DA:496,0
DA:498,0
DA:504,0
DA:505,0
DA:507,0
DA:509,0
DA:511,0
DA:530,0
DA:537,0
DA:544,0
DA:551,0
DA:558,0
DA:565,0
DA:572,0
DA:579,0
DA:586,0
DA:593,0
DA:600,0
DA:607,0
DA:614,0
DA:621,0
DA:628,0
DA:635,0
DA:642,0
DA:649,0
DA:707,0
DA:709,0
DA:711,0
DA:713,0
DA:715,0
DA:717,0
DA:723,0
DA:724,0
DA:725,0
DA:726,0
DA:728,0
DA:730,0
DA:732,0
DA:740,0
DA:734,0
DA:736,0
DA:742,0
DA:744,0
DA:746,0
DA:756,0
DA:748,0
DA:750,0
DA:752,0
DA:758,0
DA:760,0
DA:761,0
DA:762,0
DA:768,0
DA:769,0
DA:770,0
DA:772,0
DA:774,0
DA:782,0
DA:776,0
DA:778,0
DA:783,0
DA:784,0
DA:790,0
DA:792,0
DA:794,0
DA:796,0
DA:802,0
DA:803,0
DA:805,0
DA:807,0
DA:809,0
DA:811,0
DA:819,0
DA:813,0
DA:815,0
DA:821,0
DA:831,0
DA:823,0
DA:825,0
DA:827,0
DA:833,0
DA:834,0
DA:835,0
DA:842,0
DA:844,0
DA:851,0
DA:853,0
DA:860,0
DA:862,0
DA:864,0
DA:1005,1
DA:918,1
DA:920,1
DA:922,1
DA:923,1
DA:924,1
DA:925,1
DA:926,1
DA:928,1
DA:930,1
DA:932,2
DA:935,1
DA:933,1
DA:937,1
DA:939,1
DA:941,1
DA:943,1
DA:945,2
DA:948,1
DA:946,1
DA:950,1
DA:952,4
DA:955,1
DA:953,2
DA:957,0
DA:958,0
DA:961,3
DA:965,1
DA:962,1
DA:966,1
DA:968,1
DA:972,0
DA:989,0
DA:974,0
DA:976,0
DA:979,0
DA:977,0
DA:983,0
DA:995,1
DA:997,1
DA:999,1
DA:1001,1
DA:1009,0
DA:1011,0
DA:1015,0
DA:1016,0
DA:1022,1
DA:1024,0
DA:1026,0
DA:1033,0
DA:1035,0
DA:1041,0
DA:1043,0
DA:1045,0
DA:1063,0
DA:1064,0
DA:1065,0
DA:1067,0
DA:1069,0
DA:1070,0
DA:1084,0
DA:1072,0
DA:1074,0
DA:1076,0
DA:1078,0
DA:1080,0
DA:1086,0
DA:1088,0
DA:1089,0
DA:1102,0
DA:1543,0
DA:1621,0
DA:1648,0
DA:1660,0
DA:1507,0
DA:1518,0
DA:1496,0
DA:1095,0
DA:1104,0
DA:1122,0
DA:1123,0
DA:1124,0
DA:1126,0
DA:1128,0
DA:1129,0
DA:1153,0
DA:1130,0
DA:1131,0
DA:1133,0
DA:1135,0
DA:1137,0
DA:1139,0
DA:1145,0
DA:1147,0
DA:1149,0
DA:1155,0
DA:1157,0
DA:1158,0
DA:1235,0
DA:1164,0
DA:1165,0
DA:1167,0
DA:1169,0
DA:1170,0
DA:1173,0
DA:1174,0
DA:1177,0
DA:1178,0
DA:1179,0
DA:1180,0
DA:1183,0
DA:1185,0
DA:1191,0
DA:1193,0
DA:1195,0
DA:1196,0
DA:1199,0
DA:1201,0
DA:1202,0
DA:1205,0
DA:1206,0
DA:1207,0
DA:1208,0
DA:1211,0
DA:1212,0
DA:1215,0
DA:1217,0
DA:1218,0
DA:1221,0
DA:1222,0
DA:1223,0
DA:1224,0
DA:1227,0
DA:1233,0
DA:1241,0
DA:1243,0
DA:1302,0
DA:1304,0
DA:1306,0
DA:1312,0
DA:1314,0
DA:1316,0
DA:1322,0
DA:1324,0
DA:1326,0
DA:1333,0
DA:1335,0
DA:1341,0
DA:1343,0
DA:1345,0
DA:1351,0
DA:1353,0
DA:1355,0
DA:1369,0
DA:1371,0
DA:1373,0
DA:1379,0
DA:1388,0
DA:1537,0
DA:1615,0
DA:1505,0
DA:1516,0
DA:1494,0
DA:1438,0
DA:1440,0
DA:1442,0
DA:1448,0
DA:1449,0
DA:1451,0
DA:1453,0
DA:1455,0
DA:1461,0
DA:1463,0
DA:1465,0
DA:1473,0
DA:1475,0
DA:1477,0
DA:1483,0
DA:1485,0
DA:1487,0
DA:1498,0
DA:1509,0
DA:1520,0
DA:1533,0
DA:1534,0
DA:1535,0
DA:1539,0
DA:1541,0
DA:1551,0
DA:1545,0
DA:1547,0
DA:1553,0
DA:1555,0
DA:1556,0
DA:1562,0
DA:1564,0
DA:1566,0
DA:1572,0
DA:1574,0
DA:1576,0
DA:1583,0
DA:1585,0
DA:1591,0
DA:1592,0
DA:1593,0
DA:1595,0
DA:1605,0
DA:1597,0
DA:1599,0
DA:1601,0
DA:1607,0
DA:1609,0
DA:1611,0
DA:1617,0
DA:1619,0
DA:1633,0
DA:1623,0
DA:1625,0
DA:1627,0
DA:1629,0
DA:1635,0
DA:1637,0
DA:1638,0
DA:1644,0
DA:1646,0
DA:1650,0
DA:1656,0
DA:1658,0
DA:1662,0
DA:11,1
DA:13,1
DA:15,1
DA:17,1
DA:19,1
DA:21,1
DA:22,1
DA:23,1
DA:24,1
DA:26,1
DA:28,1
DA:29,1
DA:30,1
DA:31,1
DA:33,1
DA:35,1
DA:36,1
DA:37,1
DA:38,1
DA:39,1
DA:40,1
DA:41,1
DA:42,1
DA:43,1
DA:44,1
DA:46,1
DA:48,1
DA:49,1
DA:50,1
DA:51,1
DA:53,1
DA:55,1
DA:56,1
DA:57,1
DA:58,1
DA:60,1
DA:62,1
DA:63,1
DA:64,1
DA:65,1
DA:66,1
DA:68,1
DA:70,1
DA:72,1
DA:74,1
DA:76,1
DA:78,1
DA:79,1
DA:80,1
DA:81,1
DA:82,1
DA:84,1
DA:85,1
DA:86,1
DA:88,1
DA:90,1
DA:92,1
DA:94,1
DA:96,1
DA:98,1
DA:100,1
DA:102,1
DA:104,1
DA:106,1
DA:108,1
DA:110,1
DA:111,1
DA:112,1
DA:113,1
DA:115,1
DA:117,1
DA:118,1
DA:119,1
DA:121,1
DA:123,1
DA:124,1
DA:125,1
DA:126,1
DA:127,1
DA:128,1
DA:148,1
DA:151,1
DA:154,1
DA:157,1
DA:160,1
DA:163,1
DA:226,1
DA:229,1
DA:515,1
DA:517,1
DA:519,1
DA:521,1
DA:523,1
DA:525,1
DA:653,1
DA:655,1
end_of_record
