TN:
SF:/home/rifat/Desktop/UCSB/winter-25/auto-ver/project/sv-comp/sv-benchmarks/c/Juliet_Test_Copy_1/CWE124/CWE124_Buffer_Underwrite---s01---CWE124_Buffer_Underwrite__char_declare_memcpy_11_good.i
FN:696,CWE124_Buffer_Underwrite__char_declare_memcpy_11_good
#FN:704
FN:990,assume_abort_if_not
#FN:992
FN:552,bad1
#FN:556
FN:559,bad2
#FN:563
FN:566,bad3
#FN:570
FN:573,bad4
#FN:577
FN:580,bad5
#FN:584
FN:587,bad6
#FN:591
FN:594,bad7
#FN:598
FN:601,bad8
#FN:605
FN:608,bad9
#FN:612
FN:347,decodeHexChars
#FN:395
FN:398,decodeHexWChars
#FN:441
FN:454,globalReturnsFalse
#FN:461
FN:444,globalReturnsTrue
#FN:451
FN:464,globalReturnsTrueOrFalse
#FN:474
FN:489,good1
#FN:493
FN:496,good2
#FN:500
FN:503,good3
#FN:507
FN:510,good4
#FN:514
FN:517,good5
#FN:521
FN:524,good6
#FN:528
FN:531,good7
#FN:535
FN:538,good8
#FN:542
FN:545,good9
#FN:549
FN:631,goodG2B1
#FN:661
FN:664,goodG2B2
#FN:693
FN:782,internal_start
#FN:795
FN:957,ldv_asprintf
#FN:986
FN:1212,ldv_calloc
#FN:1219
FN:1287,ldv_error
#FN:1293
FN:998,ldv_exit
#FN:1004
FN:1232,ldv_free
#FN:1238
FN:1202,ldv_malloc
#FN:1209
FN:1269,ldv_realloc
#FN:1276
FN:1462,ldv_reference_calloc
#FN:1469
FN:1482,ldv_reference_free
#FN:1488
FN:1433,ldv_reference_malloc
#FN:1459
FN:1491,ldv_reference_realloc
#FN:1541
FN:1544,ldv_reference_xmalloc
#FN:1553
FN:1556,ldv_reference_xzalloc
#FN:1565
FN:1472,ldv_reference_zalloc
#FN:1479
FN:1133,ldv_strcpy
#FN:1146
FN:1022,ldv_strdup
#FN:1061
FN:1064,ldv_strlen
#FN:1088
FN:1091,ldv_strncpy
#FN:1130
FN:1338,ldv_undef_int
#FN:1345
FN:1404,ldv_undef_int_negative
#FN:1412
FN:1415,ldv_undef_int_nonpositive
#FN:1423
FN:1393,ldv_undef_int_positive
#FN:1401
FN:1348,ldv_undef_long
#FN:1358
FN:1361,ldv_undef_uint
#FN:1368
FN:1373,ldv_undef_ulong
#FN:1380
FN:1383,ldv_undef_ulonglong
#FN:1390
FN:1241,ldv_xmalloc
#FN:1248
FN:1251,ldv_xzalloc
#FN:1258
FN:1222,ldv_zalloc
#FN:1229
FN:707,main
#FN:731
FN:319,printBytesLine
#FN:344
FN:301,printDoubleLine
#FN:307
FN:231,printFloatLine
#FN:237
FN:260,printHexCharLine
#FN:266
FN:292,printHexUnsignedCharLine
#FN:298
FN:220,printIntLine
#FN:226
FN:200,printLine
#FN:207
FN:240,printLongLine
#FN:246
FN:251,printSizeTLine
#FN:257
FN:310,printStructLine
#FN:316
FN:283,printUnsignedLine
#FN:289
FN:210,printWLine
#FN:217
FN:269,printWcharLine
#FN:280
FN:1281,reach_error
#FN:1281
FN:798,stdThreadCreate
#FN:840
FN:865,stdThreadDestroy
#FN:874
FN:843,stdThreadJoin
#FN:862
FN:916,stdThreadLockAcquire
#FN:922
FN:877,stdThreadLockCreate
#FN:913
FN:934,stdThreadLockDestroy
#FN:942
FN:925,stdThreadLockRelease
#FN:931
FNDA:1,main
FNDA:4,printLine
FNDA:1,CWE124_Buffer_Underwrite__char_declare_memcpy_11_good
FNDA:1,goodG2B1
FNDA:1,globalReturnsFalse
FNDA:1,goodG2B2
FNDA:1,globalReturnsTrue
DA:657,2
DA:644,0
DA:689,2
DA:717,2
DA:721,2
DA:203,4
DA:206,4
DA:204,4
DA:213,0
DA:216,0
DA:214,0
DA:223,0
DA:225,0
DA:234,0
DA:236,0
DA:243,0
DA:245,0
DA:254,0
DA:256,0
DA:263,0
DA:265,0
DA:271,0
DA:273,0
DA:275,0
DA:277,0
DA:279,0
DA:286,0
DA:288,0
DA:295,0
DA:297,0
DA:304,0
DA:306,0
DA:313,0
DA:315,0
DA:321,0
DA:323,0
DA:325,0
DA:326,0
DA:329,0
DA:331,0
DA:332,0
DA:335,0
DA:336,0
DA:337,0
DA:338,0
DA:341,0
DA:343,0
DA:350,0
DA:352,0
DA:353,0
DA:356,0
DA:358,0
DA:360,0
DA:362,0
DA:364,0
DA:367,0
DA:368,0
DA:390,0
DA:370,0
DA:374,0
DA:375,0
DA:387,0
DA:377,0
DA:381,0
DA:383,0
DA:384,0
DA:391,0
DA:394,0
DA:401,0
DA:403,0
DA:404,0
DA:407,0
DA:409,0
DA:411,0
DA:413,0
DA:415,0
DA:418,0
DA:419,0
DA:436,0
DA:421,0
DA:423,0
DA:424,0
DA:433,0
DA:426,0
DA:428,0
DA:429,0
DA:430,0
DA:437,0
DA:440,0
DA:674,2
DA:446,1
DA:448,1
DA:450,1
DA:641,2
DA:456,1
DA:458,1
DA:460,1
DA:466,0
DA:467,0
DA:469,0
DA:471,0
DA:473,0
DA:492,0
DA:499,0
DA:506,0
DA:513,0
DA:520,0
DA:527,0
DA:534,0
DA:541,0
DA:548,0
DA:555,0
DA:562,0
DA:569,0
DA:576,0
DA:583,0
DA:590,0
DA:597,0
DA:604,0
DA:611,0
DA:699,2
DA:633,1
DA:634,1
DA:635,1
DA:637,1
DA:639,1
DA:643,1
DA:647,1
DA:645,1
DA:649,1
DA:651,1
DA:653,1
DA:655,1
DA:660,1
DA:701,2
DA:666,1
DA:667,1
DA:668,1
DA:670,1
DA:672,1
DA:676,1
DA:679,1
DA:677,1
DA:681,1
DA:683,1
DA:685,1
DA:687,1
DA:692,1
DA:719,2
DA:703,1
DA:709,1
DA:711,1
DA:713,1
DA:715,1
DA:723,1
DA:725,1
DA:729,1
DA:730,1
DA:784,0
DA:786,0
DA:788,0
DA:790,0
DA:792,0
DA:794,0
DA:800,0
DA:801,0
DA:802,0
DA:803,0
DA:805,0
DA:807,0
DA:809,0
DA:817,0
DA:811,0
DA:813,0
DA:819,0
DA:821,0
DA:823,0
DA:833,0
DA:825,0
DA:827,0
DA:829,0
DA:835,0
DA:837,0
DA:838,0
DA:839,0
DA:845,0
DA:846,0
DA:847,0
DA:849,0
DA:851,0
DA:859,0
DA:853,0
DA:855,0
DA:860,0
DA:861,0
DA:867,0
DA:869,0
DA:871,0
DA:873,0
DA:879,0
DA:880,0
DA:882,0
DA:884,0
DA:886,0
DA:888,0
DA:896,0
DA:890,0
DA:892,0
DA:898,0
DA:908,0
DA:900,0
DA:902,0
DA:904,0
DA:910,0
DA:911,0
DA:912,0
DA:919,0
DA:921,0
DA:928,0
DA:930,0
DA:937,0
DA:939,0
DA:941,0
DA:959,0
DA:960,0
DA:961,0
DA:963,0
DA:965,0
DA:966,0
DA:980,0
DA:968,0
DA:970,0
DA:972,0
DA:974,0
DA:976,0
DA:982,0
DA:984,0
DA:985,0
DA:1001,0
DA:1445,0
DA:1523,0
DA:1550,0
DA:1562,0
DA:1409,0
DA:1420,0
DA:1398,0
DA:991,0
DA:1003,0
DA:1024,0
DA:1025,0
DA:1026,0
DA:1028,0
DA:1030,0
DA:1031,0
DA:1055,0
DA:1032,0
DA:1033,0
DA:1035,0
DA:1037,0
DA:1039,0
DA:1041,0
DA:1047,0
DA:1049,0
DA:1051,0
DA:1057,0
DA:1059,0
DA:1060,0
DA:1137,0
DA:1066,0
DA:1067,0
DA:1069,0
DA:1071,0
DA:1072,0
DA:1075,0
DA:1076,0
DA:1079,0
DA:1080,0
DA:1081,0
DA:1082,0
DA:1085,0
DA:1087,0
DA:1093,0
DA:1095,0
DA:1097,0
DA:1098,0
DA:1101,0
DA:1103,0
DA:1104,0
DA:1107,0
DA:1108,0
DA:1109,0
DA:1110,0
DA:1113,0
DA:1114,0
DA:1117,0
DA:1119,0
DA:1120,0
DA:1123,0
DA:1124,0
DA:1125,0
DA:1126,0
DA:1129,0
DA:1135,0
DA:1143,0
DA:1145,0
DA:1204,0
DA:1206,0
DA:1208,0
DA:1214,0
DA:1216,0
DA:1218,0
DA:1224,0
DA:1226,0
DA:1228,0
DA:1235,0
DA:1237,0
DA:1243,0
DA:1245,0
DA:1247,0
DA:1253,0
DA:1255,0
DA:1257,0
DA:1271,0
DA:1273,0
DA:1275,0
DA:1281,0
DA:1290,0
DA:1439,0
DA:1517,0
DA:1407,0
DA:1418,0
DA:1396,0
DA:1340,0
DA:1342,0
DA:1344,0
DA:1350,0
DA:1351,0
DA:1353,0
DA:1355,0
DA:1357,0
DA:1363,0
DA:1365,0
DA:1367,0
DA:1375,0
DA:1377,0
DA:1379,0
DA:1385,0
DA:1387,0
DA:1389,0
DA:1400,0
DA:1411,0
DA:1422,0
DA:1435,0
DA:1436,0
DA:1437,0
DA:1441,0
DA:1443,0
DA:1453,0
DA:1447,0
DA:1449,0
DA:1455,0
DA:1457,0
DA:1458,0
DA:1464,0
DA:1466,0
DA:1468,0
DA:1474,0
DA:1476,0
DA:1478,0
DA:1485,0
DA:1487,0
DA:1493,0
DA:1494,0
DA:1495,0
DA:1497,0
DA:1507,0
DA:1499,0
DA:1501,0
DA:1503,0
DA:1509,0
DA:1511,0
DA:1513,0
DA:1519,0
DA:1521,0
DA:1535,0
DA:1525,0
DA:1527,0
DA:1529,0
DA:1531,0
DA:1537,0
DA:1539,0
DA:1540,0
DA:1546,0
DA:1548,0
DA:1552,0
DA:1558,0
DA:1560,0
DA:1564,0
DA:11,1
DA:13,1
DA:15,1
DA:17,1
DA:19,1
DA:21,1
DA:22,1
DA:23,1
DA:24,1
DA:26,1
DA:28,1
DA:30,1
DA:32,1
DA:33,1
DA:34,1
DA:35,1
DA:37,1
DA:39,1
DA:40,1
DA:41,1
DA:42,1
DA:43,1
DA:44,1
DA:45,1
DA:46,1
DA:47,1
DA:48,1
DA:50,1
DA:52,1
DA:53,1
DA:54,1
DA:55,1
DA:57,1
DA:59,1
DA:60,1
DA:61,1
DA:62,1
DA:64,1
DA:66,1
DA:67,1
DA:68,1
DA:69,1
DA:70,1
DA:72,1
DA:74,1
DA:76,1
DA:78,1
DA:80,1
DA:82,1
DA:83,1
DA:84,1
DA:85,1
DA:86,1
DA:88,1
DA:89,1
DA:90,1
DA:110,1
DA:113,1
DA:116,1
DA:119,1
DA:122,1
DA:125,1
DA:188,1
DA:191,1
DA:477,1
DA:479,1
DA:481,1
DA:483,1
DA:485,1
DA:487,1
DA:615,1
DA:617,1
end_of_record
